

*******************************************************************************
Fri Mar 17 12:27:58 2023


FIT:    data read from "thx.data" using 1:2
        format = x:z
        #datapoints = 9
        residuals are weighted equally (unit weight)

function used for fitting: f(x)
	f(x) = ln(a)-b*x
fitted parameters initialized with current variable values



*******************************************************************************
Fri Mar 17 12:28:04 2023


FIT:    data read from "thx.data" using 1:2
        format = x:z
        #datapoints = 9
        residuals are weighted equally (unit weight)

function used for fitting: f(x)
	f(x) = log(a)-b*x
fitted parameters initialized with current variable values

iter      chisq       delta/lim  lambda   a             b            
   0 4.6025490000e+04   0.00e+00  6.01e+00    1.000000e+00   1.000000e+00
1612 9.8467192304e+03  -1.00e+00  6.01e-21    1.188388e+23   2.001902e+00

After 1612 iterations the fit converged.
final sum of squares of residuals : 9846.72
rel. change during last iteration : -9.99669e-06

degrees of freedom    (FIT_NDF)                        : 7
rms of residuals      (FIT_STDFIT) = sqrt(WSSR/ndf)    : 37.5057
variance of residuals (reduced chisquare) = WSSR/ndf   : 1406.67

Final set of parameters            Asymptotic Standard Error
=======================            ==========================
a               = 1.18839e+23      +/- 2.661e+24    (2239%)
b               = 2.0019           +/- 2.652        (132.5%)

correlation matrix of the fit parameters:
                a      b      
a               1.000 
b               0.829  1.000 


*******************************************************************************
Fri Mar 17 12:28:21 2023


FIT:    data read from "thx.data" using 1:2
        format = x:z
        #datapoints = 9
        residuals are weighted equally (unit weight)

function used for fitting: f(x)
	f(x) = log(a)-b*x
fitted parameters initialized with current variable values

iter      chisq       delta/lim  lambda   a             b            
   0 4.6025490000e+04   0.00e+00  6.01e+00    1.000000e+00   1.000000e+00
1612 9.8467192304e+03  -1.00e+00  6.01e-21    1.188388e+23   2.001902e+00

After 1612 iterations the fit converged.
final sum of squares of residuals : 9846.72
rel. change during last iteration : -9.99669e-06

degrees of freedom    (FIT_NDF)                        : 7
rms of residuals      (FIT_STDFIT) = sqrt(WSSR/ndf)    : 37.5057
variance of residuals (reduced chisquare) = WSSR/ndf   : 1406.67

Final set of parameters            Asymptotic Standard Error
=======================            ==========================
a               = 1.18839e+23      +/- 2.661e+24    (2239%)
b               = 2.0019           +/- 2.652        (132.5%)

correlation matrix of the fit parameters:
                a      b      
a               1.000 
b               0.829  1.000 


*******************************************************************************
Fri Mar 17 12:29:53 2023


FIT:    data read from "thx.data" using 1:2
        format = x:z
        #datapoints = 9
        residuals are weighted equally (unit weight)

function used for fitting: f(x)
	f(x) = log(a)-b*x
fitted parameters initialized with current variable values

iter      chisq       delta/lim  lambda   a             b            
   0 4.6025490000e+04   0.00e+00  6.01e+00    1.000000e+00   1.000000e+00
1612 9.8467192304e+03  -1.00e+00  6.01e-21    1.188388e+23   2.001902e+00

After 1612 iterations the fit converged.
final sum of squares of residuals : 9846.72
rel. change during last iteration : -9.99669e-06

degrees of freedom    (FIT_NDF)                        : 7
rms of residuals      (FIT_STDFIT) = sqrt(WSSR/ndf)    : 37.5057
variance of residuals (reduced chisquare) = WSSR/ndf   : 1406.67

Final set of parameters            Asymptotic Standard Error
=======================            ==========================
a               = 1.18839e+23      +/- 2.661e+24    (2239%)
b               = 2.0019           +/- 2.652        (132.5%)

correlation matrix of the fit parameters:
                a      b      
a               1.000 
b               0.829  1.000 


*******************************************************************************
Fri Mar 17 12:30:04 2023


FIT:    data read from "thx.data" using 1:2
        format = x:z
        #datapoints = 9
        residuals are weighted equally (unit weight)

function used for fitting: f(x)
	f(x) = log(a)-b*x
fitted parameters initialized with current variable values

iter      chisq       delta/lim  lambda   a             b            
   0 4.6025490000e+04   0.00e+00  6.01e+00    1.000000e+00   1.000000e+00
1612 9.8467192304e+03  -1.00e+00  6.01e-21    1.188388e+23   2.001902e+00

After 1612 iterations the fit converged.
final sum of squares of residuals : 9846.72
rel. change during last iteration : -9.99669e-06

degrees of freedom    (FIT_NDF)                        : 7
rms of residuals      (FIT_STDFIT) = sqrt(WSSR/ndf)    : 37.5057
variance of residuals (reduced chisquare) = WSSR/ndf   : 1406.67

Final set of parameters            Asymptotic Standard Error
=======================            ==========================
a               = 1.18839e+23      +/- 2.661e+24    (2239%)
b               = 2.0019           +/- 2.652        (132.5%)

correlation matrix of the fit parameters:
                a      b      
a               1.000 
b               0.829  1.000 


*******************************************************************************
Fri Mar 17 12:30:34 2023


FIT:    data read from "thx.data" using 1:2
        format = x:z
        #datapoints = 9
        residuals are weighted equally (unit weight)

function used for fitting: f(x)
	f(x) = log(a)-b*x
fitted parameters initialized with current variable values

iter      chisq       delta/lim  lambda   a             b            
   0 4.6025490000e+04   0.00e+00  6.01e+00    1.000000e+00   1.000000e+00
1612 9.8467192304e+03  -1.00e+00  6.01e-21    1.188388e+23   2.001902e+00

After 1612 iterations the fit converged.
final sum of squares of residuals : 9846.72
rel. change during last iteration : -9.99669e-06

degrees of freedom    (FIT_NDF)                        : 7
rms of residuals      (FIT_STDFIT) = sqrt(WSSR/ndf)    : 37.5057
variance of residuals (reduced chisquare) = WSSR/ndf   : 1406.67

Final set of parameters            Asymptotic Standard Error
=======================            ==========================
a               = 1.18839e+23      +/- 2.661e+24    (2239%)
b               = 2.0019           +/- 2.652        (132.5%)

correlation matrix of the fit parameters:
                a      b      
a               1.000 
b               0.829  1.000 


*******************************************************************************
Fri Mar 17 12:31:11 2023


FIT:    data read from "thx.data" using 1:log(2)
        format = x:z
        #datapoints = 9
        residuals are weighted equally (unit weight)

function used for fitting: f(x)
	f(x) = log(a)-b*x
fitted parameters initialized with current variable values

iter      chisq       delta/lim  lambda   a             b            
   0 1.5650000000e+03   0.00e+00  6.01e+00    1.000000e+00   1.000000e+00
   4 1.6800000000e+00  -4.20e-03  6.01e-04    1.246077e+00  -5.400000e-01

After 4 iterations the fit converged.
final sum of squares of residuals : 1.68
rel. change during last iteration : -4.20102e-08

degrees of freedom    (FIT_NDF)                        : 7
rms of residuals      (FIT_STDFIT) = sqrt(WSSR/ndf)    : 0.489898
variance of residuals (reduced chisquare) = WSSR/ndf   : 0.24

Final set of parameters            Asymptotic Standard Error
=======================            ==========================
a               = 1.24608          +/- 0.3645       (29.25%)
b               = -0.54            +/- 0.03464      (6.415%)

correlation matrix of the fit parameters:
                a      b      
a               1.000 
b               0.829  1.000 


*******************************************************************************
Fri Mar 17 12:31:49 2023


FIT:    data read from "thx.data" using 1:(log($2)):($3)
        format = x:z:s
        #datapoints = 9
function used for fitting: f(x)
	f(x) = log(a)-b*x
fitted parameters initialized with current variable values

iter      chisq       delta/lim  lambda   a             b            
   0 1.8977751424e+02   0.00e+00  2.62e+00    1.000000e+00   1.000000e+00
   9 5.7024351627e-04  -2.45e-06  2.62e-09    1.409315e+02   1.706192e-01

After 9 iterations the fit converged.
final sum of squares of residuals : 0.000570244
rel. change during last iteration : -2.45018e-11

degrees of freedom    (FIT_NDF)                        : 7
rms of residuals      (FIT_STDFIT) = sqrt(WSSR/ndf)    : 0.00902571
variance of residuals (reduced chisquare) = WSSR/ndf   : 8.14634e-05
p-value of the Chisq distribution (FIT_P)              : 1

Final set of parameters            Asymptotic Standard Error
=======================            ==========================
a               = 140.931          +/- 3.24         (2.299%)
b               = 0.170619         +/- 0.002043     (1.197%)

correlation matrix of the fit parameters:
                a      b      
a               1.000 
b               0.917  1.000 


*******************************************************************************
Fri Mar 17 12:33:23 2023


FIT:    data read from "thx.data" using 1:(log($2)):($3)
        format = x:z:s
        #datapoints = 9
function used for fitting: f(x)
	f(x) = log(a)-b*x
fitted parameters initialized with current variable values

iter      chisq       delta/lim  lambda   a             b            
   0 1.8977751424e+02   0.00e+00  2.62e+00    1.000000e+00   1.000000e+00
   9 5.7024351627e-04  -2.45e-06  2.62e-09    1.409315e+02   1.706192e-01

After 9 iterations the fit converged.
final sum of squares of residuals : 0.000570244
rel. change during last iteration : -2.45018e-11

degrees of freedom    (FIT_NDF)                        : 7
rms of residuals      (FIT_STDFIT) = sqrt(WSSR/ndf)    : 0.00902571
variance of residuals (reduced chisquare) = WSSR/ndf   : 8.14634e-05
p-value of the Chisq distribution (FIT_P)              : 1

Final set of parameters            Asymptotic Standard Error
=======================            ==========================
a               = 140.931          +/- 3.24         (2.299%)
b               = 0.170619         +/- 0.002043     (1.197%)

correlation matrix of the fit parameters:
                a      b      
a               1.000 
b               0.917  1.000 


*******************************************************************************
Fri Mar 17 15:19:16 2023


FIT:    data read from "thx.data" using 1:(log($2)):($3)
        format = x:z:s
        #datapoints = 9
function used for fitting: f(x)
	f(x) = log(a)-b*x
fitted parameters initialized with current variable values

iter      chisq       delta/lim  lambda   a             b            
   0 1.8977751424e+02   0.00e+00  2.62e+00    1.000000e+00   1.000000e+00
   9 5.7024351627e-04  -2.45e-06  2.62e-09    1.409315e+02   1.706192e-01

After 9 iterations the fit converged.
final sum of squares of residuals : 0.000570244
rel. change during last iteration : -2.45018e-11

degrees of freedom    (FIT_NDF)                        : 7
rms of residuals      (FIT_STDFIT) = sqrt(WSSR/ndf)    : 0.00902571
variance of residuals (reduced chisquare) = WSSR/ndf   : 8.14634e-05
p-value of the Chisq distribution (FIT_P)              : 1

Final set of parameters            Asymptotic Standard Error
=======================            ==========================
a               = 140.931          +/- 3.24         (2.299%)
b               = 0.170619         +/- 0.002043     (1.197%)

correlation matrix of the fit parameters:
                a      b      
a               1.000 
b               0.917  1.000 


*******************************************************************************
Fri Mar 17 15:19:59 2023


FIT:    data read from "thx.data" using 1:(log($2)):($3)
        format = x:z:s
        #datapoints = 9
function used for fitting: f(x)
	f(x) = log(a)-b*x
fitted parameters initialized with current variable values

iter      chisq       delta/lim  lambda   a             b            
   0 1.8977751424e+02   0.00e+00  2.62e+00    1.000000e+00   1.000000e+00
   9 5.7024351627e-04  -2.45e-06  2.62e-09    1.409315e+02   1.706192e-01

After 9 iterations the fit converged.
final sum of squares of residuals : 0.000570244
rel. change during last iteration : -2.45018e-11

degrees of freedom    (FIT_NDF)                        : 7
rms of residuals      (FIT_STDFIT) = sqrt(WSSR/ndf)    : 0.00902571
variance of residuals (reduced chisquare) = WSSR/ndf   : 8.14634e-05
p-value of the Chisq distribution (FIT_P)              : 1

Final set of parameters            Asymptotic Standard Error
=======================            ==========================
a               = 140.931          +/- 3.24         (2.299%)
b               = 0.170619         +/- 0.002043     (1.197%)

correlation matrix of the fit parameters:
                a      b      
a               1.000 
b               0.917  1.000 


*******************************************************************************
Fri Mar 17 15:33:30 2023


FIT:    data read from "thx.data" using 1:(log($2)):($3)
        format = x:z:s
        #datapoints = 9
function used for fitting: f(x)
	f(x) = log(a)-b*x
fitted parameters initialized with current variable values

iter      chisq       delta/lim  lambda   a             b            
   0 1.8977751424e+02   0.00e+00  2.62e+00    1.000000e+00   1.000000e+00
   9 5.7024351627e-04  -2.45e-06  2.62e-09    1.409315e+02   1.706192e-01

After 9 iterations the fit converged.
final sum of squares of residuals : 0.000570244
rel. change during last iteration : -2.45018e-11

degrees of freedom    (FIT_NDF)                        : 7
rms of residuals      (FIT_STDFIT) = sqrt(WSSR/ndf)    : 0.00902571
variance of residuals (reduced chisquare) = WSSR/ndf   : 8.14634e-05
p-value of the Chisq distribution (FIT_P)              : 1

Final set of parameters            Asymptotic Standard Error
=======================            ==========================
a               = 140.931          +/- 3.24         (2.299%)
b               = 0.170619         +/- 0.002043     (1.197%)

correlation matrix of the fit parameters:
                a      b      
a               1.000 
b               0.917  1.000 


*******************************************************************************
Sat Mar 18 23:18:28 2023


FIT:    data read from "thx.data" using 1:(log($2)):($3)
        format = x:z:s
        #datapoints = 9
function used for fitting: f(x)
	f(x) = log(a)-b*x
fitted parameters initialized with current variable values

iter      chisq       delta/lim  lambda   a             b            
   0 1.8977751424e+02   0.00e+00  2.62e+00    1.000000e+00   1.000000e+00
   9 5.7024351627e-04  -2.45e-06  2.62e-09    1.409315e+02   1.706192e-01

After 9 iterations the fit converged.
final sum of squares of residuals : 0.000570244
rel. change during last iteration : -2.45018e-11

degrees of freedom    (FIT_NDF)                        : 7
rms of residuals      (FIT_STDFIT) = sqrt(WSSR/ndf)    : 0.00902571
variance of residuals (reduced chisquare) = WSSR/ndf   : 8.14634e-05
p-value of the Chisq distribution (FIT_P)              : 1

Final set of parameters            Asymptotic Standard Error
=======================            ==========================
a               = 140.931          +/- 3.24         (2.299%)
b               = 0.170619         +/- 0.002043     (1.197%)

correlation matrix of the fit parameters:
                a      b      
a               1.000 
b               0.917  1.000 


*******************************************************************************
Sat Mar 18 23:24:00 2023


FIT:    data read from "thx.data" using 1:(log($2)):($3)
        format = x:z:s
        #datapoints = 9
function used for fitting: f(x)
	f(x) = log(a)-b*x
fitted parameters initialized with current variable values

iter      chisq       delta/lim  lambda   a             b            
   0 1.8982452714e+02   0.00e+00  2.62e+00    1.000000e+00   1.000000e+00
   9 4.2617932348e-04  -3.30e-06  2.62e-09    1.413948e+02   1.707470e-01

After 9 iterations the fit converged.
final sum of squares of residuals : 0.000426179
rel. change during last iteration : -3.301e-11

degrees of freedom    (FIT_NDF)                        : 7
rms of residuals      (FIT_STDFIT) = sqrt(WSSR/ndf)    : 0.00780274
variance of residuals (reduced chisquare) = WSSR/ndf   : 6.08828e-05
p-value of the Chisq distribution (FIT_P)              : 1

Final set of parameters            Asymptotic Standard Error
=======================            ==========================
a               = 141.395          +/- 2.81         (1.988%)
b               = 0.170747         +/- 0.001766     (1.034%)

correlation matrix of the fit parameters:
                a      b      
a               1.000 
b               0.917  1.000 


*******************************************************************************
Tue Jun 20 15:18:36 2023


FIT:    data read from "thx.data" using 1:(log($2)):($3)
        format = x:z:s
        #datapoints = 9
function used for fitting: f(x)
	f(x) = log(a)-b*x
fitted parameters initialized with current variable values

iter      chisq       delta/lim  lambda   a             b            
   0 1.8982452714e+02   0.00e+00  2.62e+00    1.000000e+00   1.000000e+00
   9 4.2617932348e-04  -3.30e-06  2.62e-09    1.413948e+02   1.707470e-01

After 9 iterations the fit converged.
final sum of squares of residuals : 0.000426179
rel. change during last iteration : -3.301e-11

degrees of freedom    (FIT_NDF)                        : 7
rms of residuals      (FIT_STDFIT) = sqrt(WSSR/ndf)    : 0.00780274
variance of residuals (reduced chisquare) = WSSR/ndf   : 6.08828e-05
p-value of the Chisq distribution (FIT_P)              : 1

Final set of parameters            Asymptotic Standard Error
=======================            ==========================
a               = 141.395          +/- 2.81         (1.988%)
b               = 0.170747         +/- 0.001766     (1.034%)

correlation matrix of the fit parameters:
                a      b      
a               1.000 
b               0.917  1.000 
